{"level":"info","time":"2026-04-27T20:20:58.160+0800","caller":"ProjectDemo/main.go:20","msg":"🚀 服务启动开始"}
{"level":"info","time":"2026-04-27T20:23:01.952+0800","caller":"ProjectDemo/main.go:20","msg":"🚀 服务启动开始"}
{"level":"info","time":"2026-04-27T20:28:26.188+0800","caller":"ProjectDemo/main.go:20","msg":"🚀 服务启动开始"}
{"level":"info","time":"2026-04-27T20:29:37.443+0800","caller":"ProjectDemo/main.go:20","msg":"🚀 服务启动开始"}
{"level":"info","time":"2026-04-27T20:29:37.961+0800","caller":"ProjectDemo/main.go:45","msg":"服务启动成功","port":":8080"}
{"level":"info","time":"2026-04-27T20:29:37.961+0800","caller":"scan/scanner.go:70","msg":"✅ 扫链服务启动","block":0}
{"level":"info","time":"2026-04-27T20:33:31.998+0800","caller":"ProjectDemo/main.go:20","msg":"🚀 服务启动开始"}
{"level":"info","time":"2026-04-27T20:33:32.569+0800","caller":"scan/scanner.go:70","msg":"✅ 扫链服务启动","block":0}
{"level":"info","time":"2026-04-27T20:33:32.569+0800","caller":"ProjectDemo/main.go:45","msg":"服务启动成功","port":":8080"}
{"level":"info","time":"2026-04-27T20:36:01.845+0800","caller":"ProjectDemo/main.go:20","msg":"🚀 服务启动开始"}
{"level":"info","time":"2026-04-27T20:36:02.438+0800","caller":"scan/scanner.go:70","msg":"✅ 扫链服务启动","block":0}
{"level":"info","time":"2026-04-27T20:36:02.438+0800","caller":"ProjectDemo/main.go:45","msg":"服务启动成功","port":":8080"}
{"level":"error","time":"2026-04-27T20:36:08.392+0800","caller":"scan/scanner.go:88","msg":"❌ 扫描异常，重连RPC","error":"400 Bad Request: {\"jsonrpc\":\"2.0\",\"id\":3,\"error\":{\"code\":-32600,\"message\":\"Under the Free tier plan, you can make eth_getLogs requests with up to a 10 block range. Based on your parameters, this block range should work: [0x1, 0xa]. Upgrade to PAYG for expanded block range.\"}}","stack":"easy-swap/internal/scan.(*Scanner).Start\n\t/Users/htt/web3/项目模板/ProjectDemo/internal/scan/scanner.go:88"}
{"level":"info","time":"2026-04-27T20:36:08.392+0800","caller":"scan/scanner.go:224","msg":"✅ RPC节点重连成功"}
{"level":"error","time":"2026-04-27T20:36:13.932+0800","caller":"scan/scanner.go:88","msg":"❌ 扫描异常，重连RPC","error":"400 Bad Request: {\"jsonrpc\":\"2.0\",\"id\":3,\"error\":{\"code\":-32600,\"message\":\"Under the Free tier plan, you can make eth_getLogs requests with up to a 10 block range. Based on your parameters, this block range should work: [0x1, 0xa]. Upgrade to PAYG for expanded block range.\"}}","stack":"easy-swap/internal/scan.(*Scanner).Start\n\t/Users/htt/web3/项目模板/ProjectDemo/internal/scan/scanner.go:88"}
{"level":"info","time":"2026-04-27T20:36:13.932+0800","caller":"scan/scanner.go:224","msg":"✅ RPC节点重连成功"}
{"level":"error","time":"2026-04-27T20:36:14.681+0800","caller":"scan/scanner.go:88","msg":"❌ 扫描异常，重连RPC","error":"400 Bad Request: {\"jsonrpc\":\"2.0\",\"id\":3,\"error\":{\"code\":-32600,\"message\":\"Under the Free tier plan, you can make eth_getLogs requests with up to a 10 block range. Based on your parameters, this block range should work: [0x1, 0xa]. Upgrade to PAYG for expanded block range.\"}}","stack":"easy-swap/internal/scan.(*Scanner).Start\n\t/Users/htt/web3/项目模板/ProjectDemo/internal/scan/scanner.go:88"}
{"level":"info","time":"2026-04-27T20:36:14.681+0800","caller":"scan/scanner.go:224","msg":"✅ RPC节点重连成功"}
{"level":"error","time":"2026-04-27T20:36:15.912+0800","caller":"scan/scanner.go:88","msg":"❌ 扫描异常，重连RPC","error":"400 Bad Request: {\"jsonrpc\":\"2.0\",\"id\":3,\"error\":{\"code\":-32600,\"message\":\"Under the Free tier plan, you can make eth_getLogs requests with up to a 10 block range. Based on your parameters, this block range should work: [0x1, 0xa]. Upgrade to PAYG for expanded block range.\"}}","stack":"easy-swap/internal/scan.(*Scanner).Start\n\t/Users/htt/web3/项目模板/ProjectDemo/internal/scan/scanner.go:88"}
{"level":"info","time":"2026-04-27T20:36:15.912+0800","caller":"scan/scanner.go:224","msg":"✅ RPC节点重连成功"}
{"level":"warn","time":"2026-04-27T20:36:16.040+0800","caller":"scan/scanner.go:95","msg":"🛑 扫链服务停止"}
{"level":"info","time":"2026-04-27T20:40:05.078+0800","caller":"ProjectDemo/main.go:20","msg":"🚀 服务启动开始"}
{"level":"info","time":"2026-04-27T20:40:05.561+0800","caller":"scan/scanner.go:70","msg":"✅ 扫链服务启动","block":0}
{"level":"info","time":"2026-04-27T20:40:05.561+0800","caller":"ProjectDemo/main.go:45","msg":"服务启动成功","port":":8080"}
{"level":"fatal","time":"2026-04-27T20:40:05.561+0800","caller":"ProjectDemo/main.go:48","msg":"服务启动失败","error":"listen tcp :8080: bind: address already in use","stack":"main.main\n\t/Users/htt/web3/项目模板/ProjectDemo/main.go:48\nruntime.main\n\t/usr/local/go/src/runtime/proc.go:290"}
{"level":"info","time":"2026-04-27T20:40:33.868+0800","caller":"ProjectDemo/main.go:20","msg":"🚀 服务启动开始"}
{"level":"info","time":"2026-04-27T20:40:34.306+0800","caller":"scan/scanner.go:70","msg":"✅ 扫链服务启动","block":0}
{"level":"info","time":"2026-04-27T20:40:34.306+0800","caller":"ProjectDemo/main.go:45","msg":"服务启动成功","port":":8081"}
{"level":"error","time":"2026-04-27T20:40:38.705+0800","caller":"scan/scanner.go:88","msg":"❌ 扫描异常，重连RPC","error":"400 Bad Request: {\"jsonrpc\":\"2.0\",\"id\":3,\"error\":{\"code\":-32600,\"message\":\"Under the Free tier plan, you can make eth_getLogs requests with up to a 10 block range. Based on your parameters, this block range should work: [0x1, 0xa]. Upgrade to PAYG for expanded block range.\"}}","stack":"easy-swap/internal/scan.(*Scanner).Start\n\t/Users/htt/web3/项目模板/ProjectDemo/internal/scan/scanner.go:88"}
{"level":"info","time":"2026-04-27T20:40:38.705+0800","caller":"scan/scanner.go:226","msg":"✅ RPC节点重连成功"}
{"level":"error","time":"2026-04-27T20:40:41.075+0800","caller":"scan/scanner.go:88","msg":"❌ 扫描异常，重连RPC","error":"400 Bad Request: {\"jsonrpc\":\"2.0\",\"id\":3,\"error\":{\"code\":-32600,\"message\":\"Under the Free tier plan, you can make eth_getLogs requests with up to a 10 block range. Based on your parameters, this block range should work: [0x1, 0xa]. Upgrade to PAYG for expanded block range.\"}}","stack":"easy-swap/internal/scan.(*Scanner).Start\n\t/Users/htt/web3/项目模板/ProjectDemo/internal/scan/scanner.go:88"}
{"level":"info","time":"2026-04-27T20:40:41.075+0800","caller":"scan/scanner.go:226","msg":"✅ RPC节点重连成功"}
{"level":"error","time":"2026-04-27T20:40:44.085+0800","caller":"scan/scanner.go:88","msg":"❌ 扫描异常，重连RPC","error":"400 Bad Request: {\"jsonrpc\":\"2.0\",\"id\":3,\"error\":{\"code\":-32600,\"message\":\"Under the Free tier plan, you can make eth_getLogs requests with up to a 10 block range. Based on your parameters, this block range should work: [0x1, 0xa]. Upgrade to PAYG for expanded block range.\"}}","stack":"easy-swap/internal/scan.(*Scanner).Start\n\t/Users/htt/web3/项目模板/ProjectDemo/internal/scan/scanner.go:88"}
{"level":"info","time":"2026-04-27T20:40:44.085+0800","caller":"scan/scanner.go:226","msg":"✅ RPC节点重连成功"}
{"level":"warn","time":"2026-04-27T20:40:44.085+0800","caller":"scan/scanner.go:95","msg":"🛑 扫链服务停止"}
{"level":"info","time":"2026-04-27T20:41:48.752+0800","caller":"ProjectDemo/main.go:20","msg":"🚀 服务启动开始"}
{"level":"info","time":"2026-04-27T20:41:49.234+0800","caller":"scan/scanner.go:70","msg":"✅ 扫链服务启动","block":0}
{"level":"info","time":"2026-04-27T20:41:49.234+0800","caller":"ProjectDemo/main.go:45","msg":"服务启动成功","port":":8081"}
{"level":"fatal","time":"2026-04-27T20:41:49.235+0800","caller":"ProjectDemo/main.go:48","msg":"服务启动失败","error":"listen tcp :8081: bind: address already in use","stack":"main.main\n\t/Users/htt/web3/项目模板/ProjectDemo/main.go:48\nruntime.main\n\t/usr/local/go/src/runtime/proc.go:290"}
{"level":"info","time":"2026-04-27T20:42:01.049+0800","caller":"ProjectDemo/main.go:20","msg":"🚀 服务启动开始"}
{"level":"info","time":"2026-04-27T20:42:01.553+0800","caller":"ProjectDemo/main.go:45","msg":"服务启动成功","port":":8082"}
{"level":"info","time":"2026-04-27T20:42:01.553+0800","caller":"scan/scanner.go:70","msg":"✅ 扫链服务启动","block":0}
{"level":"warn","time":"2026-04-27T20:42:17.417+0800","caller":"scan/scanner.go:95","msg":"🛑 扫链服务停止"}
{"level":"info","time":"2026-04-27T20:45:33.143+0800","caller":"ProjectDemo/main.go:20","msg":"🚀 服务启动开始"}
{"level":"info","time":"2026-04-27T20:45:33.585+0800","caller":"ProjectDemo/main.go:45","msg":"服务启动成功","port":":8083"}
{"level":"info","time":"2026-04-27T20:45:33.585+0800","caller":"scan/scanner.go:70","msg":"✅ 扫链服务启动","block":9122822}
{"level":"warn","time":"2026-04-27T20:46:52.314+0800","caller":"scan/scanner.go:95","msg":"🛑 扫链服务停止"}
{"level":"info","time":"2026-04-27T20:48:15.188+0800","caller":"ProjectDemo/main.go:20","msg":"🚀 服务启动开始"}
{"level":"info","time":"2026-04-27T20:48:15.664+0800","caller":"ProjectDemo/main.go:45","msg":"服务启动成功","port":":8083"}
{"level":"info","time":"2026-04-27T20:48:15.664+0800","caller":"scan/scanner.go:71","msg":"✅ 扫链服务启动","block":10742664}
{"level":"fatal","time":"2026-04-27T20:48:15.665+0800","caller":"ProjectDemo/main.go:48","msg":"服务启动失败","error":"listen tcp :8083: bind: address already in use","stack":"main.main\n\t/Users/htt/web3/项目模板/ProjectDemo/main.go:48\nruntime.main\n\t/usr/local/go/src/runtime/proc.go:290"}
{"level":"info","time":"2026-04-27T20:48:27.609+0800","caller":"ProjectDemo/main.go:20","msg":"🚀 服务启动开始"}
{"level":"info","time":"2026-04-27T20:48:28.048+0800","caller":"scan/scanner.go:71","msg":"✅ 扫链服务启动","block":10742664}
{"level":"info","time":"2026-04-27T20:48:28.048+0800","caller":"ProjectDemo/main.go:45","msg":"服务启动成功","port":":8084"}
{"level":"warn","time":"2026-04-27T20:49:53.698+0800","caller":"scan/scanner.go:96","msg":"🛑 扫链服务停止"}
{"level":"info","time":"2026-04-27T20:54:19.684+0800","caller":"ProjectDemo/main.go:20","msg":"🚀 服务启动开始"}
{"level":"info","time":"2026-04-27T20:54:20.149+0800","caller":"ProjectDemo/main.go:45","msg":"服务启动成功","port":":8085"}
{"level":"info","time":"2026-04-27T20:54:20.149+0800","caller":"scan/scanner.go:71","msg":"✅ 扫链服务启动","block":10742678}
{"level":"warn","time":"2026-04-27T20:55:18.378+0800","caller":"scan/scanner.go:96","msg":"🛑 扫链服务停止"}
{"level":"info","time":"2026-04-27T20:56:44.789+0800","caller":"ProjectDemo/main.go:20","msg":"🚀 服务启动开始"}
{"level":"info","time":"2026-04-27T20:56:45.261+0800","caller":"scan/scanner.go:71","msg":"✅ 扫链服务启动","block":10742702}
{"level":"info","time":"2026-04-27T20:56:45.261+0800","caller":"ProjectDemo/main.go:45","msg":"服务启动成功","port":":8086"}
{"level":"error","time":"2026-04-27T20:59:51.403+0800","caller":"scan/scanner.go:89","msg":"❌ 扫描异常，重连RPC","error":"504 Gateway Timeout: stream timeout","stack":"easy-swap/internal/scan.(*Scanner).Start\n\t/Users/htt/web3/项目模板/ProjectDemo/internal/scan/scanner.go:89"}
{"level":"info","time":"2026-04-27T20:59:51.403+0800","caller":"scan/scanner.go:228","msg":"✅ RPC节点重连成功"}
{"level":"warn","time":"2026-04-27T21:00:43.002+0800","caller":"scan/scanner.go:96","msg":"🛑 扫链服务停止"}
{"level":"info","time":"2026-04-27T21:00:57.817+0800","caller":"ProjectDemo/main.go:20","msg":"🚀 服务启动开始"}
{"level":"info","time":"2026-04-27T21:00:58.335+0800","caller":"ProjectDemo/main.go:45","msg":"服务启动成功","port":":8087"}
{"level":"info","time":"2026-04-27T21:00:58.335+0800","caller":"scan/scanner.go:71","msg":"✅ 扫链服务启动","block":10742726}
{"level":"info","time":"2026-04-27T21:01:16.186+0800","caller":"middleware/middleware.go:41","msg":"request","method":"GET","path":"/ping/","status":404,"ip":"::1","cost":0.000052335}
{"level":"info","time":"2026-04-27T21:01:18.942+0800","caller":"middleware/middleware.go:41","msg":"request","method":"GET","path":"/ping","status":404,"ip":"::1","cost":0.000021662}
{"level":"info","time":"2026-04-27T21:01:33.848+0800","caller":"middleware/middleware.go:41","msg":"request","method":"GET","path":"/api/ping","status":200,"ip":"::1","cost":0.00005849}
{"level":"error","time":"2026-04-27T22:16:25.349+0800","caller":"scan/scanner.go:89","msg":"❌ 扫描异常，重连RPC","error":"Post \"https://eth-sepolia.g.alchemy.com/v2/qYzNDoA70IIpPivi7CKE3\": read tcp 192.168.31.114:60908->15.235.229.138:443: read: operation timed out","stack":"easy-swap/internal/scan.(*Scanner).Start\n\t/Users/htt/web3/项目模板/ProjectDemo/internal/scan/scanner.go:89"}
{"level":"info","time":"2026-04-27T22:16:25.350+0800","caller":"scan/scanner.go:228","msg":"✅ RPC节点重连成功"}
{"level":"error","time":"2026-04-27T22:48:47.301+0800","caller":"scan/scanner.go:89","msg":"❌ 扫描异常，重连RPC","error":"Post \"https://eth-sepolia.g.alchemy.com/v2/qYzNDoA70IIpPivi7CKE3\": read tcp 192.168.31.114:61320->15.235.234.154:443: read: operation timed out","stack":"easy-swap/internal/scan.(*Scanner).Start\n\t/Users/htt/web3/项目模板/ProjectDemo/internal/scan/scanner.go:89"}
{"level":"info","time":"2026-04-27T22:48:47.302+0800","caller":"scan/scanner.go:228","msg":"✅ RPC节点重连成功"}
{"level":"error","time":"2026-04-28T09:03:04.561+0800","caller":"scan/scanner.go:89","msg":"❌ 扫描异常，重连RPC","error":"Post \"https://eth-sepolia.g.alchemy.com/v2/qYzNDoA70IIpPivi7CKE3\": read tcp 192.168.31.114:52435->15.235.229.138:443: read: operation timed out","stack":"easy-swap/internal/scan.(*Scanner).Start\n\t/Users/htt/web3/项目模板/ProjectDemo/internal/scan/scanner.go:89"}
{"level":"info","time":"2026-04-28T09:03:04.562+0800","caller":"scan/scanner.go:228","msg":"✅ RPC节点重连成功"}
{"level":"warn","time":"2026-04-28T09:30:15.342+0800","caller":"scan/scanner.go:96","msg":"🛑 扫链服务停止"}
{"level":"info","time":"2026-04-28T09:36:18.996+0800","caller":"scan/scanner.go:71","msg":"✅ 扫链服务启动","block":10746121}
{"level":"info","time":"2026-04-28T09:39:25.796+0800","caller":"scan/main.go:38","msg":"扫链服务退出"}
{"level":"warn","time":"2026-04-28T09:39:25.796+0800","caller":"scan/scanner.go:96","msg":"🛑 扫链服务停止"}
